running egg_info
writing ../../build/custom_environment/custom_environment.egg-info/PKG-INFO
writing dependency_links to ../../build/custom_environment/custom_environment.egg-info/dependency_links.txt
writing entry points to ../../build/custom_environment/custom_environment.egg-info/entry_points.txt
writing requirements to ../../build/custom_environment/custom_environment.egg-info/requires.txt
writing top-level names to ../../build/custom_environment/custom_environment.egg-info/top_level.txt
reading manifest file '../../build/custom_environment/custom_environment.egg-info/SOURCES.txt'
writing manifest file '../../build/custom_environment/custom_environment.egg-info/SOURCES.txt'
running build
running build_py
running install
running install_lib
running install_data
copying resource/custom_environment -> /home/jorear/home/f24_robotics_indoor_environment/install/custom_environment/share/ament_index/resource_index/packages
copying package.xml -> /home/jorear/home/f24_robotics_indoor_environment/install/custom_environment/share/custom_environment
creating /home/jorear/home/f24_robotics_indoor_environment/install/custom_environment/share/custom_environment/worlds
copying worlds/NERC_basement.wbt -> /home/jorear/home/f24_robotics_indoor_environment/install/custom_environment/share/custom_environment/worlds
creating /home/jorear/home/f24_robotics_indoor_environment/install/custom_environment/share/custom_environment/launch
copying launch/launch.py -> /home/jorear/home/f24_robotics_indoor_environment/install/custom_environment/share/custom_environment/launch
running install_egg_info
Copying ../../build/custom_environment/custom_environment.egg-info to /home/jorear/home/f24_robotics_indoor_environment/install/custom_environment/lib/python3.10/site-packages/custom_environment-0.0.0-py3.10.egg-info
running install_scripts
writing list of installed files to '/home/jorear/home/f24_robotics_indoor_environment/build/custom_environment/install.log'
