[0.308s] Invoking command in '/home/jorear/home/f24_robotics_indoor_environment/src/indoor_environment': PYTHONPATH=/home/jorear/home/f24_robotics_indoor_environment/build/custom_environment/prefix_override:/usr/lib/python3/dist-packages/colcon_core/task/python/colcon_distutils_commands:/home/jorear/home/f24_robotics_indoor_environment/install/custom_environment/lib/python3.10/site-packages:${PYTHONPATH} /usr/bin/python3 -W ignore:setup.py install is deprecated setup.py egg_info --egg-base ../../build/custom_environment build --build-base /home/jorear/home/f24_robotics_indoor_environment/build/custom_environment/build install --record /home/jorear/home/f24_robotics_indoor_environment/build/custom_environment/install.log --single-version-externally-managed install_data
[0.418s] running egg_info
[0.419s] writing ../../build/custom_environment/custom_environment.egg-info/PKG-INFO
[0.419s] writing dependency_links to ../../build/custom_environment/custom_environment.egg-info/dependency_links.txt
[0.420s] writing entry points to ../../build/custom_environment/custom_environment.egg-info/entry_points.txt
[0.420s] writing requirements to ../../build/custom_environment/custom_environment.egg-info/requires.txt
[0.420s] writing top-level names to ../../build/custom_environment/custom_environment.egg-info/top_level.txt
[0.421s] reading manifest file '../../build/custom_environment/custom_environment.egg-info/SOURCES.txt'
[0.422s] writing manifest file '../../build/custom_environment/custom_environment.egg-info/SOURCES.txt'
[0.422s] running build
[0.422s] running build_py
[0.422s] running install
[0.422s] running install_lib
[0.423s] running install_data
[0.423s] copying resource/custom_environment -> /home/jorear/home/f24_robotics_indoor_environment/install/custom_environment/share/ament_index/resource_index/packages
[0.423s] copying package.xml -> /home/jorear/home/f24_robotics_indoor_environment/install/custom_environment/share/custom_environment
[0.423s] creating /home/jorear/home/f24_robotics_indoor_environment/install/custom_environment/share/custom_environment/worlds
[0.423s] copying worlds/NERC_basement.wbt -> /home/jorear/home/f24_robotics_indoor_environment/install/custom_environment/share/custom_environment/worlds
[0.423s] creating /home/jorear/home/f24_robotics_indoor_environment/install/custom_environment/share/custom_environment/launch
[0.423s] copying launch/launch.py -> /home/jorear/home/f24_robotics_indoor_environment/install/custom_environment/share/custom_environment/launch
[0.423s] running install_egg_info
[0.425s] Copying ../../build/custom_environment/custom_environment.egg-info to /home/jorear/home/f24_robotics_indoor_environment/install/custom_environment/lib/python3.10/site-packages/custom_environment-0.0.0-py3.10.egg-info
[0.425s] running install_scripts
[0.435s] writing list of installed files to '/home/jorear/home/f24_robotics_indoor_environment/build/custom_environment/install.log'
[0.447s] Invoked command in '/home/jorear/home/f24_robotics_indoor_environment/src/indoor_environment' returned '0': PYTHONPATH=/home/jorear/home/f24_robotics_indoor_environment/build/custom_environment/prefix_override:/usr/lib/python3/dist-packages/colcon_core/task/python/colcon_distutils_commands:/home/jorear/home/f24_robotics_indoor_environment/install/custom_environment/lib/python3.10/site-packages:${PYTHONPATH} /usr/bin/python3 -W ignore:setup.py install is deprecated setup.py egg_info --egg-base ../../build/custom_environment build --build-base /home/jorear/home/f24_robotics_indoor_environment/build/custom_environment/build install --record /home/jorear/home/f24_robotics_indoor_environment/build/custom_environment/install.log --single-version-externally-managed install_data
