[0.291s] Invoking command in '/home/jorear/home/f24_robotics_indoor_environment/src/indoor_environment': PYTHONPATH=/home/jorear/home/f24_robotics_indoor_environment/build/custom_environment/prefix_override:/usr/lib/python3/dist-packages/colcon_core/task/python/colcon_distutils_commands:/home/jorear/home/f24_robotics_indoor_environment/install/custom_environment/lib/python3.10/site-packages:${PYTHONPATH} /usr/bin/python3 -W ignore:setup.py install is deprecated setup.py egg_info --egg-base ../../build/custom_environment build --build-base /home/jorear/home/f24_robotics_indoor_environment/build/custom_environment/build install --record /home/jorear/home/f24_robotics_indoor_environment/build/custom_environment/install.log --single-version-externally-managed install_data
[0.399s] running egg_info
[0.399s] creating ../../build/custom_environment/custom_environment.egg-info
[0.399s] writing ../../build/custom_environment/custom_environment.egg-info/PKG-INFO
[0.399s] writing dependency_links to ../../build/custom_environment/custom_environment.egg-info/dependency_links.txt
[0.400s] writing entry points to ../../build/custom_environment/custom_environment.egg-info/entry_points.txt
[0.400s] writing requirements to ../../build/custom_environment/custom_environment.egg-info/requires.txt
[0.400s] writing top-level names to ../../build/custom_environment/custom_environment.egg-info/top_level.txt
[0.400s] writing manifest file '../../build/custom_environment/custom_environment.egg-info/SOURCES.txt'
[0.401s] reading manifest file '../../build/custom_environment/custom_environment.egg-info/SOURCES.txt'
[0.401s] writing manifest file '../../build/custom_environment/custom_environment.egg-info/SOURCES.txt'
[0.401s] running build
[0.401s] running build_py
[0.401s] creating /home/jorear/home/f24_robotics_indoor_environment/build/custom_environment/build
[0.401s] creating /home/jorear/home/f24_robotics_indoor_environment/build/custom_environment/build/lib
[0.402s] creating /home/jorear/home/f24_robotics_indoor_environment/build/custom_environment/build/lib/indoor_environment
[0.402s] copying indoor_environment/__init__.py -> /home/jorear/home/f24_robotics_indoor_environment/build/custom_environment/build/lib/indoor_environment
[0.402s] running install
[0.402s] running install_lib
[0.402s] creating /home/jorear/home/f24_robotics_indoor_environment/install/custom_environment/lib/python3.10/site-packages/indoor_environment
[0.402s] copying /home/jorear/home/f24_robotics_indoor_environment/build/custom_environment/build/lib/indoor_environment/__init__.py -> /home/jorear/home/f24_robotics_indoor_environment/install/custom_environment/lib/python3.10/site-packages/indoor_environment
[0.402s] byte-compiling /home/jorear/home/f24_robotics_indoor_environment/install/custom_environment/lib/python3.10/site-packages/indoor_environment/__init__.py to __init__.cpython-310.pyc
[0.402s] running install_data
[0.403s] creating /home/jorear/home/f24_robotics_indoor_environment/install/custom_environment/share/ament_index
[0.403s] creating /home/jorear/home/f24_robotics_indoor_environment/install/custom_environment/share/ament_index/resource_index
[0.403s] creating /home/jorear/home/f24_robotics_indoor_environment/install/custom_environment/share/ament_index/resource_index/packages
[0.403s] copying resource/custom_environment -> /home/jorear/home/f24_robotics_indoor_environment/install/custom_environment/share/ament_index/resource_index/packages
[0.403s] copying package.xml -> /home/jorear/home/f24_robotics_indoor_environment/install/custom_environment/share/custom_environment
[0.403s] creating /home/jorear/home/f24_robotics_indoor_environment/install/custom_environment/share/custom_environment/worlds
[0.403s] copying worlds/NERC_basement.wbt -> /home/jorear/home/f24_robotics_indoor_environment/install/custom_environment/share/custom_environment/worlds
[0.403s] creating /home/jorear/home/f24_robotics_indoor_environment/install/custom_environment/share/custom_environment/launch
[0.403s] copying launch/launch.py -> /home/jorear/home/f24_robotics_indoor_environment/install/custom_environment/share/custom_environment/launch
[0.403s] running install_egg_info
[0.404s] Copying ../../build/custom_environment/custom_environment.egg-info to /home/jorear/home/f24_robotics_indoor_environment/install/custom_environment/lib/python3.10/site-packages/custom_environment-0.0.0-py3.10.egg-info
[0.405s] running install_scripts
[0.414s] writing list of installed files to '/home/jorear/home/f24_robotics_indoor_environment/build/custom_environment/install.log'
[0.428s] Invoked command in '/home/jorear/home/f24_robotics_indoor_environment/src/indoor_environment' returned '0': PYTHONPATH=/home/jorear/home/f24_robotics_indoor_environment/build/custom_environment/prefix_override:/usr/lib/python3/dist-packages/colcon_core/task/python/colcon_distutils_commands:/home/jorear/home/f24_robotics_indoor_environment/install/custom_environment/lib/python3.10/site-packages:${PYTHONPATH} /usr/bin/python3 -W ignore:setup.py install is deprecated setup.py egg_info --egg-base ../../build/custom_environment build --build-base /home/jorear/home/f24_robotics_indoor_environment/build/custom_environment/build install --record /home/jorear/home/f24_robotics_indoor_environment/build/custom_environment/install.log --single-version-externally-managed install_data
