[0.284s] Invoking command in '/home/jorear/home/f24_robotics_indoor_environment/src/indoor_environment': PYTHONPATH=/home/jorear/home/f24_robotics_indoor_environment/build/indoor_environment/prefix_override:/usr/lib/python3/dist-packages/colcon_core/task/python/colcon_distutils_commands:/home/jorear/home/f24_robotics_indoor_environment/install/indoor_environment/lib/python3.10/site-packages:${PYTHONPATH} /usr/bin/python3 -W ignore:setup.py install is deprecated setup.py egg_info --egg-base ../../build/indoor_environment build --build-base /home/jorear/home/f24_robotics_indoor_environment/build/indoor_environment/build install --record /home/jorear/home/f24_robotics_indoor_environment/build/indoor_environment/install.log --single-version-externally-managed install_data
[0.387s] running egg_info
[0.387s] creating ../../build/indoor_environment/indoor_environment.egg-info
[0.387s] writing ../../build/indoor_environment/indoor_environment.egg-info/PKG-INFO
[0.387s] writing dependency_links to ../../build/indoor_environment/indoor_environment.egg-info/dependency_links.txt
[0.387s] writing entry points to ../../build/indoor_environment/indoor_environment.egg-info/entry_points.txt
[0.387s] writing requirements to ../../build/indoor_environment/indoor_environment.egg-info/requires.txt
[0.387s] writing top-level names to ../../build/indoor_environment/indoor_environment.egg-info/top_level.txt
[0.387s] writing manifest file '../../build/indoor_environment/indoor_environment.egg-info/SOURCES.txt'
[0.388s] reading manifest file '../../build/indoor_environment/indoor_environment.egg-info/SOURCES.txt'
[0.388s] writing manifest file '../../build/indoor_environment/indoor_environment.egg-info/SOURCES.txt'
[0.389s] running build
[0.389s] running build_py
[0.389s] creating /home/jorear/home/f24_robotics_indoor_environment/build/indoor_environment/build
[0.389s] creating /home/jorear/home/f24_robotics_indoor_environment/build/indoor_environment/build/lib
[0.389s] creating /home/jorear/home/f24_robotics_indoor_environment/build/indoor_environment/build/lib/indoor_environment
[0.389s] copying indoor_environment/__init__.py -> /home/jorear/home/f24_robotics_indoor_environment/build/indoor_environment/build/lib/indoor_environment
[0.389s] running install
[0.389s] running install_lib
[0.391s] creating /home/jorear/home/f24_robotics_indoor_environment/install/indoor_environment/lib/python3.10/site-packages/indoor_environment
[0.391s] copying /home/jorear/home/f24_robotics_indoor_environment/build/indoor_environment/build/lib/indoor_environment/__init__.py -> /home/jorear/home/f24_robotics_indoor_environment/install/indoor_environment/lib/python3.10/site-packages/indoor_environment
[0.392s] error: can't copy 'worlds/my_world.wbt': doesn't exist or not a regular file
[0.392s] byte-compiling /home/jorear/home/f24_robotics_indoor_environment/install/indoor_environment/lib/python3.10/site-packages/indoor_environment/__init__.py to __init__.cpython-310.pyc
[0.392s] running install_data
[0.392s] creating /home/jorear/home/f24_robotics_indoor_environment/install/indoor_environment/share/ament_index
[0.392s] creating /home/jorear/home/f24_robotics_indoor_environment/install/indoor_environment/share/ament_index/resource_index
[0.392s] creating /home/jorear/home/f24_robotics_indoor_environment/install/indoor_environment/share/ament_index/resource_index/packages
[0.392s] copying resource/indoor_environment -> /home/jorear/home/f24_robotics_indoor_environment/install/indoor_environment/share/ament_index/resource_index/packages
[0.392s] copying package.xml -> /home/jorear/home/f24_robotics_indoor_environment/install/indoor_environment/share/indoor_environment
[0.392s] creating /home/jorear/home/f24_robotics_indoor_environment/install/indoor_environment/share/indoor_environment/worlds
[0.401s] Invoked command in '/home/jorear/home/f24_robotics_indoor_environment/src/indoor_environment' returned '1': PYTHONPATH=/home/jorear/home/f24_robotics_indoor_environment/build/indoor_environment/prefix_override:/usr/lib/python3/dist-packages/colcon_core/task/python/colcon_distutils_commands:/home/jorear/home/f24_robotics_indoor_environment/install/indoor_environment/lib/python3.10/site-packages:${PYTHONPATH} /usr/bin/python3 -W ignore:setup.py install is deprecated setup.py egg_info --egg-base ../../build/indoor_environment build --build-base /home/jorear/home/f24_robotics_indoor_environment/build/indoor_environment/build install --record /home/jorear/home/f24_robotics_indoor_environment/build/indoor_environment/install.log --single-version-externally-managed install_data
