[0.302s] Invoking command in '/home/jorear/home/f24_robotics_indoor_environment/src/indoor_environment': PYTHONPATH=/home/jorear/home/f24_robotics_indoor_environment/build/custom_environment/prefix_override:/usr/lib/python3/dist-packages/colcon_core/task/python/colcon_distutils_commands:/home/jorear/home/f24_robotics_indoor_environment/install/custom_environment/lib/python3.10/site-packages:${PYTHONPATH} /usr/bin/python3 -W ignore:setup.py install is deprecated setup.py egg_info --egg-base ../../build/custom_environment build --build-base /home/jorear/home/f24_robotics_indoor_environment/build/custom_environment/build install --record /home/jorear/home/f24_robotics_indoor_environment/build/custom_environment/install.log --single-version-externally-managed install_data
[0.414s] running egg_info
[0.414s] creating ../../build/custom_environment/custom_environment.egg-info
[0.414s] writing ../../build/custom_environment/custom_environment.egg-info/PKG-INFO
[0.414s] writing dependency_links to ../../build/custom_environment/custom_environment.egg-info/dependency_links.txt
[0.414s] writing entry points to ../../build/custom_environment/custom_environment.egg-info/entry_points.txt
[0.414s] writing requirements to ../../build/custom_environment/custom_environment.egg-info/requires.txt
[0.414s] writing top-level names to ../../build/custom_environment/custom_environment.egg-info/top_level.txt
[0.414s] writing manifest file '../../build/custom_environment/custom_environment.egg-info/SOURCES.txt'
[0.415s] reading manifest file '../../build/custom_environment/custom_environment.egg-info/SOURCES.txt'
[0.416s] writing manifest file '../../build/custom_environment/custom_environment.egg-info/SOURCES.txt'
[0.416s] running build
[0.416s] running build_py
[0.416s] creating /home/jorear/home/f24_robotics_indoor_environment/build/custom_environment/build
[0.416s] creating /home/jorear/home/f24_robotics_indoor_environment/build/custom_environment/build/lib
[0.416s] creating /home/jorear/home/f24_robotics_indoor_environment/build/custom_environment/build/lib/indoor_environment
[0.416s] copying indoor_environment/__init__.py -> /home/jorear/home/f24_robotics_indoor_environment/build/custom_environment/build/lib/indoor_environment
[0.416s] running install
[0.416s] running install_lib
[0.417s] creating /home/jorear/home/f24_robotics_indoor_environment/install/custom_environment/lib/python3.10/site-packages/indoor_environment
[0.417s] copying /home/jorear/home/f24_robotics_indoor_environment/build/custom_environment/build/lib/indoor_environment/__init__.py -> /home/jorear/home/f24_robotics_indoor_environment/install/custom_environment/lib/python3.10/site-packages/indoor_environment
[0.417s] byte-compiling /home/jorear/home/f24_robotics_indoor_environment/install/custom_environment/lib/python3.10/site-packages/indoor_environment/__init__.py to __init__.cpython-310.pyc
[0.418s] running install_data
[0.418s] creating /home/jorear/home/f24_robotics_indoor_environment/install/custom_environment/share/ament_index
[0.418s] error: can't copy 'resource/custom_environment': doesn't exist or not a regular file
[0.418s] creating /home/jorear/home/f24_robotics_indoor_environment/install/custom_environment/share/ament_index/resource_index
[0.418s] creating /home/jorear/home/f24_robotics_indoor_environment/install/custom_environment/share/ament_index/resource_index/packages
[0.429s] Invoked command in '/home/jorear/home/f24_robotics_indoor_environment/src/indoor_environment' returned '1': PYTHONPATH=/home/jorear/home/f24_robotics_indoor_environment/build/custom_environment/prefix_override:/usr/lib/python3/dist-packages/colcon_core/task/python/colcon_distutils_commands:/home/jorear/home/f24_robotics_indoor_environment/install/custom_environment/lib/python3.10/site-packages:${PYTHONPATH} /usr/bin/python3 -W ignore:setup.py install is deprecated setup.py egg_info --egg-base ../../build/custom_environment build --build-base /home/jorear/home/f24_robotics_indoor_environment/build/custom_environment/build install --record /home/jorear/home/f24_robotics_indoor_environment/build/custom_environment/install.log --single-version-externally-managed install_data
